0 info it worked if it ends with ok
1 verbose cli [ '/usr/local/bin/node',
1 verbose cli   '/usr/local/bin/npm',
1 verbose cli   'i',
1 verbose cli   '-g',
1 verbose cli   'es2015' ]
2 info using npm@2.15.9
3 info using node@v4.5.0
4 verbose install initial load of /usr/local/lib/package.json
5 verbose readDependencies loading dependencies from /usr/local/lib/package.json
6 silly cache add args [ 'es2015', null ]
7 verbose cache add spec es2015
8 silly cache add parsed spec Result {
8 silly cache add   raw: 'es2015',
8 silly cache add   scope: null,
8 silly cache add   name: 'es2015',
8 silly cache add   rawSpec: '',
8 silly cache add   spec: 'latest',
8 silly cache add   type: 'tag' }
9 silly addNamed es2015@latest
10 verbose addNamed "latest" is being treated as a dist-tag for es2015
11 info addNameTag [ 'es2015', 'latest' ]
12 silly mapToRegistry name es2015
13 silly mapToRegistry using default registry
14 silly mapToRegistry registry https://registry.npmjs.org/
15 silly mapToRegistry data Result {
15 silly mapToRegistry   raw: 'es2015',
15 silly mapToRegistry   scope: null,
15 silly mapToRegistry   name: 'es2015',
15 silly mapToRegistry   rawSpec: '',
15 silly mapToRegistry   spec: 'latest',
15 silly mapToRegistry   type: 'tag' }
16 silly mapToRegistry uri https://registry.npmjs.org/es2015
17 verbose addNameTag registry:https://registry.npmjs.org/es2015 not in flight; fetching
18 verbose request uri https://registry.npmjs.org/es2015
19 verbose request no auth needed
20 info attempt registry request try #1 at 2:13:04 PM
21 verbose request using bearer token for auth
22 verbose request id f0cc1044791fe131
23 http request GET https://registry.npmjs.org/es2015
24 http 404 https://registry.npmjs.org/es2015
25 verbose headers { server: 'CouchDB/1.5.0 (Erlang OTP/R16B03)',
25 verbose headers   etag: '"EBY4CKHCQ7WAOHR1HB5CSYHGW"',
25 verbose headers   'content-type': 'application/json',
25 verbose headers   'cache-control': 'max-age=0',
25 verbose headers   'content-length': '384',
25 verbose headers   'accept-ranges': 'bytes',
25 verbose headers   date: 'Thu, 13 Oct 2016 11:13:05 GMT',
25 verbose headers   via: '1.1 varnish',
25 verbose headers   connection: 'keep-alive',
25 verbose headers   'x-served-by': 'cache-fra1250-FRA',
25 verbose headers   'x-cache': 'MISS',
25 verbose headers   'x-cache-hits': '0',
25 verbose headers   'x-timer': 'S1476357184.721862,VS0,VE731',
25 verbose headers   vary: 'Accept-Encoding' }
26 silly get cb [ 404,
26 silly get   { server: 'CouchDB/1.5.0 (Erlang OTP/R16B03)',
26 silly get     etag: '"EBY4CKHCQ7WAOHR1HB5CSYHGW"',
26 silly get     'content-type': 'application/json',
26 silly get     'cache-control': 'max-age=0',
26 silly get     'content-length': '384',
26 silly get     'accept-ranges': 'bytes',
26 silly get     date: 'Thu, 13 Oct 2016 11:13:05 GMT',
26 silly get     via: '1.1 varnish',
26 silly get     connection: 'keep-alive',
26 silly get     'x-served-by': 'cache-fra1250-FRA',
26 silly get     'x-cache': 'MISS',
26 silly get     'x-cache-hits': '0',
26 silly get     'x-timer': 'S1476357184.721862,VS0,VE731',
26 silly get     vary: 'Accept-Encoding' } ]
27 verbose stack Error: Registry returned 404 for GET on https://registry.npmjs.org/es2015
27 verbose stack     at makeError (/usr/local/lib/node_modules/npm/node_modules/npm-registry-client/lib/request.js:264:12)
27 verbose stack     at CachingRegistryClient.<anonymous> (/usr/local/lib/node_modules/npm/node_modules/npm-registry-client/lib/request.js:242:14)
27 verbose stack     at Request._callback (/usr/local/lib/node_modules/npm/node_modules/npm-registry-client/lib/request.js:172:14)
27 verbose stack     at Request.self.callback (/usr/local/lib/node_modules/npm/node_modules/request/request.js:200:22)
27 verbose stack     at emitTwo (events.js:87:13)
27 verbose stack     at Request.emit (events.js:172:7)
27 verbose stack     at Request.<anonymous> (/usr/local/lib/node_modules/npm/node_modules/request/request.js:1067:10)
27 verbose stack     at emitOne (events.js:82:20)
27 verbose stack     at Request.emit (events.js:169:7)
27 verbose stack     at IncomingMessage.<anonymous> (/usr/local/lib/node_modules/npm/node_modules/request/request.js:988:12)
28 verbose statusCode 404
29 verbose pkgid es2015
30 verbose cwd /Users/administrator/personal-projects/books/node-in-action
31 error Darwin 15.6.0
32 error argv "/usr/local/bin/node" "/usr/local/bin/npm" "i" "-g" "es2015"
33 error node v4.5.0
34 error npm  v2.15.9
35 error code E404
36 error 404 Registry returned 404 for GET on https://registry.npmjs.org/es2015
36 error 404
36 error 404 'es2015' is not in the npm registry.
36 error 404 You should bug the author to publish it (or use the name yourself!)
36 error 404
36 error 404 Note that you can also install from a
36 error 404 tarball, folder, http url, or git url.
37 verbose exit [ 1, true ]
